TN:
SF:/Users/agupta/test/test-angular-app/src/polyfills.ts
FNF:0
FNH:0
LF:0
LH:0
BRF:0
BRH:0
end_of_record
TN:
SF:/Users/agupta/test/test-angular-app/src/test.ts
FNF:0
FNH:0
DA:13,1
DA:18,1
DA:20,1
LF:3
LH:3
BRF:0
BRH:0
end_of_record
TN:
SF:/Users/agupta/test/test-angular-app/src/app/app.component.ts
FNF:0
FNH:0
DA:8,1
LF:1
LH:1
BRF:0
BRH:0
end_of_record
TN:
SF:/Users/agupta/test/test-angular-app/src/app/components/tooltip/tooltip.component.ts
FN:11,(anonymous_0)
FN:15,(anonymous_1)
FN:18,(anonymous_2)
FN:24,(anonymous_3)
FN:31,(anonymous_4)
FN:34,(anonymous_5)
FN:47,(anonymous_6)
FNF:7
FNH:7
FNDA:8,(anonymous_0)
FNDA:8,(anonymous_1)
FNDA:2,(anonymous_2)
FNDA:2,(anonymous_3)
FNDA:2,(anonymous_4)
FNDA:10,(anonymous_5)
FNDA:2,(anonymous_6)
DA:9,1
DA:10,1
DA:11,8
DA:12,8
DA:16,8
DA:18,1
DA:19,2
DA:20,1
DA:21,1
DA:24,1
DA:25,2
DA:26,1
DA:27,1
DA:31,1
DA:32,2
DA:35,10
DA:36,10
DA:37,10
DA:38,9
DA:39,9
DA:41,1
DA:42,1
DA:48,2
LF:23
LH:23
BRDA:19,0,0,1
BRDA:19,0,1,1
BRDA:25,1,0,1
BRDA:25,1,1,1
BRDA:35,2,0,10
BRDA:35,2,1,0
BRDA:37,3,0,9
BRDA:37,3,1,1
BRF:8
BRH:7
end_of_record
TN:
SF:/Users/agupta/test/test-angular-app/src/app/directives/tooltip/tooltip.directive.ts
FN:26,(anonymous_0)
FN:21,(anonymous_1)
FN:33,(anonymous_2)
FN:37,(anonymous_3)
FN:39,(anonymous_4)
FN:45,(anonymous_5)
FN:49,(anonymous_6)
FNF:7
FNH:7
FNDA:2,(anonymous_0)
FNDA:5,(anonymous_1)
FNDA:2,(anonymous_2)
FNDA:2,(anonymous_3)
FNDA:3,(anonymous_4)
FNDA:1,(anonymous_5)
FNDA:3,(anonymous_6)
DA:18,1
DA:20,1
DA:22,5
DA:27,2
DA:28,2
DA:29,2
DA:30,2
DA:34,2
DA:35,2
DA:38,2
DA:40,3
DA:45,1
DA:46,1
DA:47,1
DA:50,3
DA:51,3
DA:52,1
DA:53,1
LF:18
LH:18
BRDA:51,0,0,1
BRDA:51,0,1,2
BRF:2
BRH:2
end_of_record
TN:
SF:/Users/agupta/test/test-angular-app/src/app/pages/home/home.component.ts
FN:3,(anonymous_0)
FNF:1
FNH:1
FNDA:1,(anonymous_0)
DA:8,1
DA:9,1
LF:2
LH:2
BRF:0
BRH:0
end_of_record
TN:
SF:/Users/agupta/test/test-angular-app/src/app/services/state/state.service.ts
FN:4,(anonymous_0)
FN:15,(anonymous_1)
FN:19,(anonymous_2)
FNF:3
FNH:3
FNDA:11,(anonymous_0)
FNDA:9,(anonymous_1)
FNDA:5,(anonymous_2)
DA:7,1
DA:8,11
DA:11,11
DA:13,11
DA:16,9
DA:17,9
DA:20,5
LF:7
LH:7
BRF:0
BRH:0
end_of_record
